# Logfile created on 2013-12-30 18:40:25 +0100 by logger.rb/43513
I, [2013-12-30T18:40:25.410205 #94157]  INFO -- : 0:  rake (10.1.1) from /usr/local/rvm/gems/ruby-2.1.0-preview2/specifications/rake-10.1.1.gemspec
I, [2013-12-30T18:40:25.410611 #94157]  INFO -- : 0:  bundler (1.5.1) from /usr/local/rvm/gems/ruby-2.1.0-preview2/specifications/bundler-1.5.1.gemspec
I, [2013-12-30T19:24:53.603489 #97046]  INFO -- : 0:  rake (10.1.1) from /usr/local/rvm/gems/ruby-2.1.0-preview2/specifications/rake-10.1.1.gemspec
I, [2013-12-30T19:24:53.620880 #97046]  INFO -- : 0:  bundler (1.5.1) from /usr/local/rvm/gems/ruby-2.1.0-preview2/specifications/bundler-1.5.1.gemspec
I, [2013-12-30T19:26:42.685395 #97348]  INFO -- : 0:  rake (10.1.1) from /usr/local/rvm/gems/ruby-2.1.0-preview2/specifications/rake-10.1.1.gemspec
I, [2013-12-30T19:26:42.700249 #97348]  INFO -- : 0:  bundler (1.5.1) from /usr/local/rvm/gems/ruby-2.1.0-preview2/specifications/bundler-1.5.1.gemspec
I, [2013-12-30T19:27:22.326994 #97380]  INFO -- : 0:  rake (10.1.1) from /usr/local/rvm/gems/ruby-2.1.0-preview2/specifications/rake-10.1.1.gemspec
I, [2013-12-30T19:27:22.327369 #97380]  INFO -- : 0:  sugarcube (1.3.11) from /usr/local/rvm/gems/ruby-2.1.0-preview2/specifications/sugarcube-1.3.11.gemspec
I, [2013-12-30T19:27:22.327626 #97380]  INFO -- : 0:  bundler (1.5.1) from /usr/local/rvm/gems/ruby-2.1.0-preview2/specifications/bundler-1.5.1.gemspec
I, [2013-12-30T19:28:29.050618 #97420]  INFO -- : 0:  rake (10.1.1) from /usr/local/rvm/gems/ruby-2.1.0-preview2/specifications/rake-10.1.1.gemspec
I, [2013-12-30T19:28:29.079151 #97420]  INFO -- : 0:  sugarcube (1.3.11) from /usr/local/rvm/gems/ruby-2.1.0-preview2/specifications/sugarcube-1.3.11.gemspec
I, [2013-12-30T19:28:29.079859 #97420]  INFO -- : 0:  bundler (1.5.1) from /usr/local/rvm/gems/ruby-2.1.0-preview2/specifications/bundler-1.5.1.gemspec
I, [2013-12-30T19:35:15.243541 #98232]  INFO -- : 0:  rake (10.1.1) from /usr/local/rvm/gems/ruby-2.1.0-preview2/specifications/rake-10.1.1.gemspec
I, [2013-12-30T19:35:15.359345 #98232]  INFO -- : 0:  bundler (1.5.1) from /usr/local/rvm/gems/ruby-2.1.0-preview2/specifications/bundler-1.5.1.gemspec
I, [2013-12-30T19:35:21.934494 #98240]  INFO -- : 0:  rake (10.1.1) from /usr/local/rvm/gems/ruby-2.1.0-preview2/specifications/rake-10.1.1.gemspec
I, [2013-12-30T19:35:21.934866 #98240]  INFO -- : 0:  bundler (1.5.1) from /usr/local/rvm/gems/ruby-2.1.0-preview2/specifications/bundler-1.5.1.gemspec
I, [2013-12-30T19:42:25.925400 #98746]  INFO -- : 0:  rake (10.1.1) from /usr/local/rvm/gems/ruby-2.1.0-preview2/specifications/rake-10.1.1.gemspec
I, [2013-12-30T19:42:25.942145 #98746]  INFO -- : 0:  bundler (1.5.1) from /usr/local/rvm/gems/ruby-2.1.0-preview2/specifications/bundler-1.5.1.gemspec
I, [2014-01-02T15:55:05.559047 #47443]  INFO -- : 0:  rake (10.1.1) from /usr/local/rvm/gems/ruby-2.1.0-preview2/specifications/rake-10.1.1.gemspec
I, [2014-01-02T15:55:05.597787 #47443]  INFO -- : 0:  i18n (0.6.9) from /usr/local/rvm/gems/ruby-2.1.0-preview2/specifications/i18n-0.6.9.gemspec
I, [2014-01-02T15:55:05.598208 #47443]  INFO -- : 0:  multi_json (1.8.2) from /usr/local/rvm/gems/ruby-2.1.0-preview2/specifications/multi_json-1.8.2.gemspec
I, [2014-01-02T15:55:05.598519 #47443]  INFO -- : 0:  activesupport (3.2.16) from /usr/local/rvm/gems/ruby-2.1.0-preview2/specifications/activesupport-3.2.16.gemspec
I, [2014-01-02T15:55:05.598798 #47443]  INFO -- : 0:  claide (0.4.0) from /usr/local/rvm/gems/ruby-2.1.0-preview2/specifications/claide-0.4.0.gemspec
I, [2014-01-02T15:55:05.599070 #47443]  INFO -- : 0:  fuzzy_match (2.0.4) from /usr/local/rvm/gems/ruby-2.1.0-preview2/specifications/fuzzy_match-2.0.4.gemspec
I, [2014-01-02T15:55:05.599398 #47443]  INFO -- : 0:  json_pure (1.8.1) from /usr/local/rvm/gems/ruby-2.1.0-preview2/specifications/json_pure-1.8.1.gemspec
I, [2014-01-02T15:55:05.599778 #47443]  INFO -- : 0:  nap (0.6.0) from /usr/local/rvm/gems/ruby-2.1.0-preview2/specifications/nap-0.6.0.gemspec
I, [2014-01-02T15:55:05.600056 #47443]  INFO -- : 0:  cocoapods-core (0.29.0) from /usr/local/rvm/gems/ruby-2.1.0-preview2/specifications/cocoapods-core-0.29.0.gemspec
I, [2014-01-02T15:55:05.613607 #47443]  INFO -- : 0:  cocoapods-downloader (0.3.0) from /usr/local/rvm/gems/ruby-2.1.0-preview2/specifications/cocoapods-downloader-0.3.0.gemspec
I, [2014-01-02T15:55:05.613926 #47443]  INFO -- : 0:  cocoapods-try-release-fix (0.1.1) from /usr/local/rvm/gems/ruby-2.1.0-preview2/specifications/cocoapods-try-release-fix-0.1.1.gemspec
I, [2014-01-02T15:55:05.614194 #47443]  INFO -- : 0:  colored (1.2) from /usr/local/rvm/gems/ruby-2.1.0-preview2/specifications/colored-1.2.gemspec
I, [2014-01-02T15:55:05.614511 #47443]  INFO -- : 0:  escape (0.0.4) from /usr/local/rvm/gems/ruby-2.1.0-preview2/specifications/escape-0.0.4.gemspec
I, [2014-01-02T15:55:05.614801 #47443]  INFO -- : 0:  open4 (1.3.0) from /usr/local/rvm/gems/ruby-2.1.0-preview2/specifications/open4-1.3.0.gemspec
I, [2014-01-02T15:55:05.615091 #47443]  INFO -- : 0:  xcodeproj (0.14.1) from /usr/local/rvm/gems/ruby-2.1.0-preview2/specifications/xcodeproj-0.14.1.gemspec
I, [2014-01-02T15:55:05.615369 #47443]  INFO -- : 0:  cocoapods (0.29.0) from /usr/local/rvm/gems/ruby-2.1.0-preview2/specifications/cocoapods-0.29.0.gemspec
I, [2014-01-02T15:55:05.615627 #47443]  INFO -- : 0:  motion-cocoapods (1.4.0) from /usr/local/rvm/gems/ruby-2.1.0-preview2/specifications/motion-cocoapods-1.4.0.gemspec
I, [2014-01-02T15:55:05.615902 #47443]  INFO -- : 0:  bundler (1.5.1) from /usr/local/rvm/gems/ruby-2.1.0-preview2/specifications/bundler-1.5.1.gemspec
I, [2014-01-02T16:09:39.650762 #48168]  INFO -- : 0:  rake (10.1.1) from /usr/local/rvm/gems/ruby-2.1.0-preview2/specifications/rake-10.1.1.gemspec
I, [2014-01-02T16:09:39.651117 #48168]  INFO -- : 0:  i18n (0.6.9) from /usr/local/rvm/gems/ruby-2.1.0-preview2/specifications/i18n-0.6.9.gemspec
I, [2014-01-02T16:09:39.651428 #48168]  INFO -- : 0:  multi_json (1.8.2) from /usr/local/rvm/gems/ruby-2.1.0-preview2/specifications/multi_json-1.8.2.gemspec
I, [2014-01-02T16:09:39.651726 #48168]  INFO -- : 0:  activesupport (3.2.16) from /usr/local/rvm/gems/ruby-2.1.0-preview2/specifications/activesupport-3.2.16.gemspec
I, [2014-01-02T16:09:39.651988 #48168]  INFO -- : 0:  claide (0.4.0) from /usr/local/rvm/gems/ruby-2.1.0-preview2/specifications/claide-0.4.0.gemspec
I, [2014-01-02T16:09:39.652248 #48168]  INFO -- : 0:  fuzzy_match (2.0.4) from /usr/local/rvm/gems/ruby-2.1.0-preview2/specifications/fuzzy_match-2.0.4.gemspec
I, [2014-01-02T16:09:39.652515 #48168]  INFO -- : 0:  json_pure (1.8.1) from /usr/local/rvm/gems/ruby-2.1.0-preview2/specifications/json_pure-1.8.1.gemspec
I, [2014-01-02T16:09:39.652768 #48168]  INFO -- : 0:  nap (0.6.0) from /usr/local/rvm/gems/ruby-2.1.0-preview2/specifications/nap-0.6.0.gemspec
I, [2014-01-02T16:09:39.653031 #48168]  INFO -- : 0:  cocoapods-core (0.29.0) from /usr/local/rvm/gems/ruby-2.1.0-preview2/specifications/cocoapods-core-0.29.0.gemspec
I, [2014-01-02T16:09:39.653267 #48168]  INFO -- : 0:  cocoapods-downloader (0.3.0) from /usr/local/rvm/gems/ruby-2.1.0-preview2/specifications/cocoapods-downloader-0.3.0.gemspec
I, [2014-01-02T16:09:39.653513 #48168]  INFO -- : 0:  cocoapods-try-release-fix (0.1.1) from /usr/local/rvm/gems/ruby-2.1.0-preview2/specifications/cocoapods-try-release-fix-0.1.1.gemspec
I, [2014-01-02T16:09:39.653763 #48168]  INFO -- : 0:  colored (1.2) from /usr/local/rvm/gems/ruby-2.1.0-preview2/specifications/colored-1.2.gemspec
I, [2014-01-02T16:09:39.654010 #48168]  INFO -- : 0:  escape (0.0.4) from /usr/local/rvm/gems/ruby-2.1.0-preview2/specifications/escape-0.0.4.gemspec
I, [2014-01-02T16:09:39.654259 #48168]  INFO -- : 0:  open4 (1.3.0) from /usr/local/rvm/gems/ruby-2.1.0-preview2/specifications/open4-1.3.0.gemspec
I, [2014-01-02T16:09:39.654508 #48168]  INFO -- : 0:  xcodeproj (0.14.1) from /usr/local/rvm/gems/ruby-2.1.0-preview2/specifications/xcodeproj-0.14.1.gemspec
I, [2014-01-02T16:09:39.654760 #48168]  INFO -- : 0:  cocoapods (0.29.0) from /usr/local/rvm/gems/ruby-2.1.0-preview2/specifications/cocoapods-0.29.0.gemspec
I, [2014-01-02T16:09:39.655005 #48168]  INFO -- : 0:  motion-cocoapods (1.4.0) from /usr/local/rvm/gems/ruby-2.1.0-preview2/specifications/motion-cocoapods-1.4.0.gemspec
I, [2014-01-02T16:09:39.655260 #48168]  INFO -- : 0:  bundler (1.5.1) from /usr/local/rvm/gems/ruby-2.1.0-preview2/specifications/bundler-1.5.1.gemspec
I, [2014-01-13T00:38:29.040435 #8159]  INFO -- : 0:  rake (10.1.1) from /usr/local/rvm/gems/ruby-2.1.0-preview2/specifications/rake-10.1.1.gemspec
I, [2014-01-13T00:38:29.052700 #8159]  INFO -- : 0:  bundler (1.5.1) from /usr/local/rvm/gems/ruby-2.1.0-preview2/specifications/bundler-1.5.1.gemspec
